{"synthetic": false,
 "schemaVersion": "2025-09-10",
 "outputs":
 {"r": "8645726b5525e4b9.ir",
  "o":
  ["bcdda93399ddaac2.olean",
   "65640eff4a94cec8.olean.server",
   "6499a752c8d1149a.olean.private"],
  "i": "caf5dc967fa2b4c0.ilean",
  "c": "a3db60cd2bc15c9b.c"},
 "log":
 [{"message":
   ".> LEAN_PATH=/Users/eric/Documents/GitHub/PsiIntegrals/.lake/packages/Cli/.lake/build/lib/lean:/Users/eric/Documents/GitHub/PsiIntegrals/.lake/packages/batteries/.lake/build/lib/lean:/Users/eric/Documents/GitHub/PsiIntegrals/.lake/packages/Qq/.lake/build/lib/lean:/Users/eric/Documents/GitHub/PsiIntegrals/.lake/packages/aesop/.lake/build/lib/lean:/Users/eric/Documents/GitHub/PsiIntegrals/.lake/packages/proofwidgets/.lake/build/lib/lean:/Users/eric/Documents/GitHub/PsiIntegrals/.lake/packages/importGraph/.lake/build/lib/lean:/Users/eric/Documents/GitHub/PsiIntegrals/.lake/packages/LeanSearchClient/.lake/build/lib/lean:/Users/eric/Documents/GitHub/PsiIntegrals/.lake/packages/plausible/.lake/build/lib/lean:/Users/eric/Documents/GitHub/PsiIntegrals/.lake/packages/mathlib/.lake/build/lib/lean:/Users/eric/Documents/GitHub/PsiIntegrals/.lake/build/lib/lean /Users/eric/.elan/toolchains/leanprover--lean4---v4.27.0-rc1/bin/lean /Users/eric/Documents/GitHub/PsiIntegrals/PsiIntegrals/Proofs/helper_lemmas.lean -o /Users/eric/Documents/GitHub/PsiIntegrals/.lake/build/lib/lean/PsiIntegrals/Proofs/helper_lemmas.olean -i /Users/eric/Documents/GitHub/PsiIntegrals/.lake/build/lib/lean/PsiIntegrals/Proofs/helper_lemmas.ilean -c /Users/eric/Documents/GitHub/PsiIntegrals/.lake/build/ir/PsiIntegrals/Proofs/helper_lemmas.c --setup /Users/eric/Documents/GitHub/PsiIntegrals/.lake/build/ir/PsiIntegrals/Proofs/helper_lemmas.setup.json --json",
   "level": "trace"}],
 "inputs":
 [["PsiIntegrals.Proofs.helper_lemmas:deps",
   [["deps",
     [["PsiIntegrals/PsiIntegrals:extraDep",
       [["@PsiIntegrals:extraDep", "00000000000006bb"]]],
      ["imports",
       [["PsiIntegrals.Definitions transitive imports (public)",
         "51c621a9c10082f5"],
        ["PsiIntegrals.Definitions:importArts", "d7eacc8f56cbc386"]]]]],
    ["libs",
     [["import dynlibs", "00000000000006bb"],
      ["package external libraries", "00000000000006bb"],
      ["module dynlibs", "00000000000006bb"],
      ["module plugins", "00000000000006bb"]]]]],
  ["Lean 4.27.0, commit 2fcce7258eeb6e324366bc25f9058293b04b7547",
   "6f43b597efea5d4c"],
  ["/Users/eric/Documents/GitHub/PsiIntegrals/PsiIntegrals/Proofs/helper_lemmas.lean",
   "243aa87f07725648"],
  ["options",
   [["-Dpp.unicode.fun=true", "9b94070140457fab"],
    ["-DautoImplicit=true", "ce2576f7641d928a"]]],
  ["Module.leanArgs: #[]", "00000000000006bb"]],
 "depHash": "0eaed488abbca7db"}