{"synthetic": false,
 "schemaVersion": "2025-09-10",
 "outputs":
 {"r": "bd9892a336653ead.ir",
  "o":
  ["3a263e866cee210c.olean",
   "f8f54ce551b13365.olean.server",
   "660f931e48267877.olean.private"],
  "i": "3bae40a74fa36c87.ilean",
  "c": "b857b71387ce7915.c"},
 "log":
 [{"message":
   ".> LEAN_PATH=/Users/eric/Documents/GitHub/PsiIntegrals/.lake/packages/Cli/.lake/build/lib/lean:/Users/eric/Documents/GitHub/PsiIntegrals/.lake/packages/batteries/.lake/build/lib/lean:/Users/eric/Documents/GitHub/PsiIntegrals/.lake/packages/Qq/.lake/build/lib/lean:/Users/eric/Documents/GitHub/PsiIntegrals/.lake/packages/aesop/.lake/build/lib/lean:/Users/eric/Documents/GitHub/PsiIntegrals/.lake/packages/proofwidgets/.lake/build/lib/lean:/Users/eric/Documents/GitHub/PsiIntegrals/.lake/packages/importGraph/.lake/build/lib/lean:/Users/eric/Documents/GitHub/PsiIntegrals/.lake/packages/LeanSearchClient/.lake/build/lib/lean:/Users/eric/Documents/GitHub/PsiIntegrals/.lake/packages/plausible/.lake/build/lib/lean:/Users/eric/Documents/GitHub/PsiIntegrals/.lake/packages/mathlib/.lake/build/lib/lean:/Users/eric/Documents/GitHub/PsiIntegrals/.lake/build/lib/lean /Users/eric/.elan/toolchains/leanprover--lean4---v4.27.0-rc1/bin/lean /Users/eric/Documents/GitHub/PsiIntegrals/PsiIntegrals/Definitions.lean -o /Users/eric/Documents/GitHub/PsiIntegrals/.lake/build/lib/lean/PsiIntegrals/Definitions.olean -i /Users/eric/Documents/GitHub/PsiIntegrals/.lake/build/lib/lean/PsiIntegrals/Definitions.ilean -c /Users/eric/Documents/GitHub/PsiIntegrals/.lake/build/ir/PsiIntegrals/Definitions.c --setup /Users/eric/Documents/GitHub/PsiIntegrals/.lake/build/ir/PsiIntegrals/Definitions.setup.json --json",
   "level": "trace"}],
 "inputs":
 [["PsiIntegrals.Definitions:deps",
   [["deps",
     [["PsiIntegrals/PsiIntegrals:extraDep",
       [["@PsiIntegrals:extraDep", "00000000000006bb"]]],
      ["imports",
       [["Mathlib.Data.Fin.Basic transitive imports (public)",
         "14935bf91c3fd1c2"],
        ["Mathlib.Data.Fin.Basic:importArts", "08a7bb47ff48baa5"],
        ["Mathlib.Data.Fin.Tuple.Basic transitive imports (public)",
         "1f45e835dc33064c"],
        ["Mathlib.Data.Fin.Tuple.Basic:importArts", "85ad75ef51693524"],
        ["Mathlib.Algebra.BigOperators.Fin transitive imports (public)",
         "69417fe91e10ba47"],
        ["Mathlib.Algebra.BigOperators.Fin:importArts", "e893aeef9ac3b1ea"],
        ["Mathlib.GroupTheory.Perm.Basic transitive imports (public)",
         "584e009588c20ede"],
        ["Mathlib.GroupTheory.Perm.Basic:importArts", "9cbea7f8b8c07e7e"],
        ["Mathlib.Data.Rat.Defs transitive imports (public)",
         "081f1347e045e7a1"],
        ["Mathlib.Data.Rat.Defs:importArts", "828116c3ed2ed769"],
        ["Mathlib.Tactic transitive imports (public)", "dc2e0cbccd0e5c12"],
        ["Mathlib.Tactic:importArts", "51c2bf53f2657f20"]]]]],
    ["libs",
     [["import dynlibs", "00000000000006bb"],
      ["package external libraries", "00000000000006bb"],
      ["module dynlibs", "00000000000006bb"],
      ["module plugins", "00000000000006bb"]]]]],
  ["Lean 4.27.0, commit 2fcce7258eeb6e324366bc25f9058293b04b7547",
   "6f43b597efea5d4c"],
  ["/Users/eric/Documents/GitHub/PsiIntegrals/PsiIntegrals/Definitions.lean",
   "b75a2d9b47003ce9"],
  ["options",
   [["-Dpp.unicode.fun=true", "9b94070140457fab"],
    ["-DautoImplicit=true", "ce2576f7641d928a"]]],
  ["Module.leanArgs: #[]", "00000000000006bb"]],
 "depHash": "24197b881f1965c9"}