{"synthetic": false,
 "schemaVersion": "2025-09-10",
 "outputs":
 {"r": "a8eab2f4cc250479.ir",
  "o":
  ["309cdb33f68e0f29.olean",
   "0da323e7af539beb.olean.server",
   "dcf4c66ebe37108e.olean.private"],
  "i": "a575fba80630f208.ilean",
  "c": "cbe1a745158066af.c"},
 "log":
 [{"message":
   ".> LEAN_PATH=/Users/eric/Documents/GitHub/PsiIntegrals/.lake/packages/Cli/.lake/build/lib/lean:/Users/eric/Documents/GitHub/PsiIntegrals/.lake/packages/batteries/.lake/build/lib/lean:/Users/eric/Documents/GitHub/PsiIntegrals/.lake/packages/Qq/.lake/build/lib/lean:/Users/eric/Documents/GitHub/PsiIntegrals/.lake/packages/aesop/.lake/build/lib/lean:/Users/eric/Documents/GitHub/PsiIntegrals/.lake/packages/proofwidgets/.lake/build/lib/lean:/Users/eric/Documents/GitHub/PsiIntegrals/.lake/packages/importGraph/.lake/build/lib/lean:/Users/eric/Documents/GitHub/PsiIntegrals/.lake/packages/LeanSearchClient/.lake/build/lib/lean:/Users/eric/Documents/GitHub/PsiIntegrals/.lake/packages/plausible/.lake/build/lib/lean:/Users/eric/Documents/GitHub/PsiIntegrals/.lake/packages/mathlib/.lake/build/lib/lean:/Users/eric/Documents/GitHub/PsiIntegrals/.lake/build/lib/lean /Users/eric/.elan/toolchains/leanprover--lean4---v4.27.0-rc1/bin/lean /Users/eric/Documents/GitHub/PsiIntegrals/PsiIntegrals/MainTheorem.lean -o /Users/eric/Documents/GitHub/PsiIntegrals/.lake/build/lib/lean/PsiIntegrals/MainTheorem.olean -i /Users/eric/Documents/GitHub/PsiIntegrals/.lake/build/lib/lean/PsiIntegrals/MainTheorem.ilean -c /Users/eric/Documents/GitHub/PsiIntegrals/.lake/build/ir/PsiIntegrals/MainTheorem.c --setup /Users/eric/Documents/GitHub/PsiIntegrals/.lake/build/ir/PsiIntegrals/MainTheorem.setup.json --json",
   "level": "trace"}],
 "inputs":
 [["PsiIntegrals.MainTheorem:deps",
   [["deps",
     [["PsiIntegrals/PsiIntegrals:extraDep",
       [["@PsiIntegrals:extraDep", "00000000000006bb"]]],
      ["imports",
       [["PsiIntegrals.Definitions transitive imports (public)",
         "51c621a9c10082f5"],
        ["PsiIntegrals.Definitions:importArts", "d7eacc8f56cbc386"]]]]],
    ["libs",
     [["import dynlibs", "00000000000006bb"],
      ["package external libraries", "00000000000006bb"],
      ["module dynlibs", "00000000000006bb"],
      ["module plugins", "00000000000006bb"]]]]],
  ["Lean 4.27.0, commit 2fcce7258eeb6e324366bc25f9058293b04b7547",
   "6f43b597efea5d4c"],
  ["/Users/eric/Documents/GitHub/PsiIntegrals/PsiIntegrals/MainTheorem.lean",
   "08b5e88c1706fd94"],
  ["options",
   [["-Dpp.unicode.fun=true", "9b94070140457fab"],
    ["-DautoImplicit=true", "ce2576f7641d928a"]]],
  ["Module.leanArgs: #[]", "00000000000006bb"]],
 "depHash": "69a980148ff88494"}