{"synthetic": false,
 "schemaVersion": "2025-09-10",
 "outputs":
 {"r": "9086a0f7330078dc.ir",
  "o":
  ["ee68c8e73b0ddacb.olean",
   "5dbff4cd5624fd67.olean.server",
   "a68ca22982e2cef3.olean.private"],
  "i": "8ff10b677b7f3390.ilean",
  "c": "b1b9ae4933954525.c"},
 "log":
 [{"message":
   ".> LEAN_PATH=/Users/eric/Documents/GitHub/PsiIntegrals/.lake/packages/Cli/.lake/build/lib/lean:/Users/eric/Documents/GitHub/PsiIntegrals/.lake/packages/batteries/.lake/build/lib/lean:/Users/eric/Documents/GitHub/PsiIntegrals/.lake/packages/Qq/.lake/build/lib/lean:/Users/eric/Documents/GitHub/PsiIntegrals/.lake/packages/aesop/.lake/build/lib/lean:/Users/eric/Documents/GitHub/PsiIntegrals/.lake/packages/proofwidgets/.lake/build/lib/lean:/Users/eric/Documents/GitHub/PsiIntegrals/.lake/packages/importGraph/.lake/build/lib/lean:/Users/eric/Documents/GitHub/PsiIntegrals/.lake/packages/LeanSearchClient/.lake/build/lib/lean:/Users/eric/Documents/GitHub/PsiIntegrals/.lake/packages/plausible/.lake/build/lib/lean:/Users/eric/Documents/GitHub/PsiIntegrals/.lake/packages/mathlib/.lake/build/lib/lean:/Users/eric/Documents/GitHub/PsiIntegrals/.lake/build/lib/lean /Users/eric/.elan/toolchains/leanprover--lean4---v4.27.0-rc1/bin/lean /Users/eric/Documents/GitHub/PsiIntegrals/PsiIntegrals/ProofOfMainTheorem.lean -o /Users/eric/Documents/GitHub/PsiIntegrals/.lake/build/lib/lean/PsiIntegrals/ProofOfMainTheorem.olean -i /Users/eric/Documents/GitHub/PsiIntegrals/.lake/build/lib/lean/PsiIntegrals/ProofOfMainTheorem.ilean -c /Users/eric/Documents/GitHub/PsiIntegrals/.lake/build/ir/PsiIntegrals/ProofOfMainTheorem.c --setup /Users/eric/Documents/GitHub/PsiIntegrals/.lake/build/ir/PsiIntegrals/ProofOfMainTheorem.setup.json --json",
   "level": "trace"}],
 "inputs":
 [["PsiIntegrals.ProofOfMainTheorem:deps",
   [["deps",
     [["PsiIntegrals/PsiIntegrals:extraDep",
       [["@PsiIntegrals:extraDep", "00000000000006bb"]]],
      ["imports",
       [["PsiIntegrals.MainTheorem transitive imports (public)",
         "0cb26c5273ef0100"],
        ["PsiIntegrals.MainTheorem:importArts", "4bf9a6a86c0a7a55"],
        ["PsiIntegrals.Proofs.helper_lemmas transitive imports (all)",
         "0cb26c5273ef0100"],
        ["PsiIntegrals.Proofs.helper_lemmas:importAllArts",
         "c7b633842ad1f978"]]]]],
    ["libs",
     [["import dynlibs", "00000000000006bb"],
      ["package external libraries", "00000000000006bb"],
      ["module dynlibs", "00000000000006bb"],
      ["module plugins", "00000000000006bb"]]]]],
  ["Lean 4.27.0, commit 2fcce7258eeb6e324366bc25f9058293b04b7547",
   "6f43b597efea5d4c"],
  ["/Users/eric/Documents/GitHub/PsiIntegrals/PsiIntegrals/ProofOfMainTheorem.lean",
   "23c209c57fca9c2d"],
  ["options",
   [["-Dpp.unicode.fun=true", "9b94070140457fab"],
    ["-DautoImplicit=true", "ce2576f7641d928a"]]],
  ["Module.leanArgs: #[]", "00000000000006bb"]],
 "depHash": "08997421f58913d8"}